The system is: Linux - 6.6.36.3-microsoft-standard-WSL2+ - x86_64
Compiling the CXX compiler identification source file "CMakeCXXCompilerId.cpp" succeeded.
Compiler: /home/hss/Lyra-sdk/buildroot/output/rockchip_rk3506_luckfox/host/bin/arm-buildroot-linux-gnueabihf-g++ 
Build flags: 
Id flags:  

The output was:
0


Compilation of the CXX compiler identification source "CMakeCXXCompilerId.cpp" produced "a.out"

The CXX compiler identification is GNU, found in "/home/hss/SuOS/build/CMakeFiles/3.16.3/CompilerIdCXX/a.out"

Determining if the CXX compiler works passed with the following output:
Change Dir: /home/hss/SuOS/build/CMakeFiles/CMakeTmp

Run Build Command(s):/usr/bin/ninja cmTC_d63b2 && [1/2] Building CXX object CMakeFiles/cmTC_d63b2.dir/testCXXCompiler.cxx.o
[2/2] Linking CXX executable cmTC_d63b2



Detecting CXX compiler ABI info compiled with the following output:
Change Dir: /home/hss/SuOS/build/CMakeFiles/CMakeTmp

Run Build Command(s):/usr/bin/ninja cmTC_aa9c3 && [1/2] Building CXX object CMakeFiles/cmTC_aa9c3.dir/CMakeCXXCompilerABI.cpp.o
Using built-in specs.
COLLECT_GCC=/home/hss/Lyra-sdk/buildroot/output/rockchip_rk3506_luckfox/host/bin/arm-buildroot-linux-gnueabihf-g++.br_real
Target: arm-buildroot-linux-gnueabihf
Configured with: ./configure --prefix=/home/hss/Lyra-sdk/buildroot/output/rockchip_rk3506_luckfox/host --sysconfdir=/home/hss/Lyra-sdk/buildroot/output/rockchip_rk3506_luckfox/host/etc --enable-static --target=arm-buildroot-linux-gnueabihf --with-sysroot=/home/hss/Lyra-sdk/buildroot/output/rockchip_rk3506_luckfox/host/arm-buildroot-linux-gnueabihf/sysroot --enable-__cxa_atexit --with-gnu-ld --disable-libssp --disable-multilib --disable-decimal-float --enable-plugins --enable-lto --with-gmp=/home/hss/Lyra-sdk/buildroot/output/rockchip_rk3506_luckfox/host --with-mpc=/home/hss/Lyra-sdk/buildroot/output/rockchip_rk3506_luckfox/host --with-mpfr=/home/hss/Lyra-sdk/buildroot/output/rockchip_rk3506_luckfox/host --with-pkgversion='Buildroot -ge6abe17d-dirty' --with-bugurl=https://gitlab.com/buildroot.org/buildroot/-/issues --without-zstd --disable-libquadmath --disable-libquadmath-support --enable-tls --enable-threads --without-isl --without-cloog --with-abi=aapcs-linux --with-cpu=cortex-a7 --with-fpu=neon-vfpv4 --with-float=hard --with-mode=arm --enable-languages=c,c++ --with-build-time-tools=/home/hss/Lyra-sdk/buildroot/output/rockchip_rk3506_luckfox/host/arm-buildroot-linux-gnueabihf/bin --enable-shared --disable-libgomp
Thread model: posix
Supported LTO compression algorithms: zlib
gcc version 12.4.0 (Buildroot -ge6abe17d-dirty) 
COLLECT_GCC_OPTIONS='--sysroot=/home/hss/Lyra-sdk/buildroot/output/rockchip_rk3506_luckfox/host/arm-buildroot-linux-gnueabihf/sysroot' '-fstack-protector-strong' '-fPIE' '-pie' '--sysroot=/home/hss/Lyra-sdk/buildroot/output/rockchip_rk3506_luckfox/host/arm-buildroot-linux-gnueabihf/sysroot' '-v' '-o' 'CMakeFiles/cmTC_aa9c3.dir/CMakeCXXCompilerABI.cpp.o' '-c' '-shared-libgcc' '-mcpu=cortex-a7' '-mfloat-abi=hard' '-mfpu=neon-vfpv4' '-mabi=aapcs-linux' '-mtls-dialect=gnu' '-marm' '-mlibarch=armv7ve+simd' '-march=armv7ve+simd' '-dumpdir' 'CMakeFiles/cmTC_aa9c3.dir/'
 /home/hss/Lyra-sdk/buildroot/output/rockchip_rk3506_luckfox/host/libexec/gcc/arm-buildroot-linux-gnueabihf/12.4.0/cc1plus -quiet -v -isysroot /home/hss/Lyra-sdk/buildroot/output/rockchip_rk3506_luckfox/host/arm-buildroot-linux-gnueabihf/sysroot -D_GNU_SOURCE /usr/share/cmake-3.16/Modules/CMakeCXXCompilerABI.cpp -quiet -dumpdir CMakeFiles/cmTC_aa9c3.dir/ -dumpbase CMakeCXXCompilerABI.cpp.cpp -dumpbase-ext .cpp -mcpu=cortex-a7 -mfloat-abi=hard -mfpu=neon-vfpv4 -mabi=aapcs-linux -mtls-dialect=gnu -marm -mlibarch=armv7ve+simd -march=armv7ve+simd -version -fstack-protector-strong -fPIE -o /tmp/ccPGQpoO.s
GNU C++17 (Buildroot -ge6abe17d-dirty) version 12.4.0 (arm-buildroot-linux-gnueabihf)
	compiled by GNU C version 9.4.0, GMP version 6.3.0, MPFR version 4.1.1, MPC version 1.2.1, isl version none
GGC heuristics: --param ggc-min-expand=100 --param ggc-min-heapsize=131072
ignoring nonexistent directory "/home/hss/Lyra-sdk/buildroot/output/rockchip_rk3506_luckfox/host/arm-buildroot-linux-gnueabihf/sysroot/usr/local/include"
#include "..." search starts here:
#include <...> search starts here:
 /home/hss/Lyra-sdk/buildroot/output/rockchip_rk3506_luckfox/host/lib/gcc/arm-buildroot-linux-gnueabihf/12.4.0/../../../../arm-buildroot-linux-gnueabihf/include/c++/12.4.0
 /home/hss/Lyra-sdk/buildroot/output/rockchip_rk3506_luckfox/host/lib/gcc/arm-buildroot-linux-gnueabihf/12.4.0/../../../../arm-buildroot-linux-gnueabihf/include/c++/12.4.0/arm-buildroot-linux-gnueabihf
 /home/hss/Lyra-sdk/buildroot/output/rockchip_rk3506_luckfox/host/lib/gcc/arm-buildroot-linux-gnueabihf/12.4.0/../../../../arm-buildroot-linux-gnueabihf/include/c++/12.4.0/backward
 /home/hss/Lyra-sdk/buildroot/output/rockchip_rk3506_luckfox/host/lib/gcc/arm-buildroot-linux-gnueabihf/12.4.0/include
 /home/hss/Lyra-sdk/buildroot/output/rockchip_rk3506_luckfox/host/lib/gcc/arm-buildroot-linux-gnueabihf/12.4.0/include-fixed
 /home/hss/Lyra-sdk/buildroot/output/rockchip_rk3506_luckfox/host/lib/gcc/arm-buildroot-linux-gnueabihf/12.4.0/../../../../arm-buildroot-linux-gnueabihf/include
 /home/hss/Lyra-sdk/buildroot/output/rockchip_rk3506_luckfox/host/arm-buildroot-linux-gnueabihf/sysroot/usr/include
End of search list.
GNU C++17 (Buildroot -ge6abe17d-dirty) version 12.4.0 (arm-buildroot-linux-gnueabihf)
	compiled by GNU C version 9.4.0, GMP version 6.3.0, MPFR version 4.1.1, MPC version 1.2.1, isl version none
GGC heuristics: --param ggc-min-expand=100 --param ggc-min-heapsize=131072
Compiler executable checksum: bdc77e243cdb120dd3ebf4c5dba17b05
COLLECT_GCC_OPTIONS='--sysroot=/home/hss/Lyra-sdk/buildroot/output/rockchip_rk3506_luckfox/host/arm-buildroot-linux-gnueabihf/sysroot' '-fstack-protector-strong' '-fPIE' '-pie' '--sysroot=/home/hss/Lyra-sdk/buildroot/output/rockchip_rk3506_luckfox/host/arm-buildroot-linux-gnueabihf/sysroot' '-v' '-o' 'CMakeFiles/cmTC_aa9c3.dir/CMakeCXXCompilerABI.cpp.o' '-c' '-shared-libgcc' '-mcpu=cortex-a7' '-mfloat-abi=hard' '-mfpu=neon-vfpv4' '-mabi=aapcs-linux' '-mtls-dialect=gnu' '-marm' '-mlibarch=armv7ve+simd' '-march=armv7ve+simd' '-dumpdir' 'CMakeFiles/cmTC_aa9c3.dir/'
 /home/hss/Lyra-sdk/buildroot/output/rockchip_rk3506_luckfox/host/lib/gcc/arm-buildroot-linux-gnueabihf/12.4.0/../../../../arm-buildroot-linux-gnueabihf/bin/as -v -march=armv7ve+simd -mfloat-abi=hard -mfpu=neon-vfpv4 -meabi=5 -o CMakeFiles/cmTC_aa9c3.dir/CMakeCXXCompilerABI.cpp.o /tmp/ccPGQpoO.s
GNU assembler version 2.40 (arm-buildroot-linux-gnueabihf) using BFD version (GNU Binutils) 2.40
COMPILER_PATH=/home/hss/Lyra-sdk/buildroot/output/rockchip_rk3506_luckfox/host/libexec/gcc/arm-buildroot-linux-gnueabihf/12.4.0/:/home/hss/Lyra-sdk/buildroot/output/rockchip_rk3506_luckfox/host/libexec/gcc/arm-buildroot-linux-gnueabihf/12.4.0/:/home/hss/Lyra-sdk/buildroot/output/rockchip_rk3506_luckfox/host/libexec/gcc/arm-buildroot-linux-gnueabihf/:/home/hss/Lyra-sdk/buildroot/output/rockchip_rk3506_luckfox/host/lib/gcc/arm-buildroot-linux-gnueabihf/12.4.0/:/home/hss/Lyra-sdk/buildroot/output/rockchip_rk3506_luckfox/host/lib/gcc/arm-buildroot-linux-gnueabihf/:/home/hss/Lyra-sdk/buildroot/output/rockchip_rk3506_luckfox/host/lib/gcc/arm-buildroot-linux-gnueabihf/12.4.0/../../../../arm-buildroot-linux-gnueabihf/bin/
LIBRARY_PATH=/home/hss/Lyra-sdk/buildroot/output/rockchip_rk3506_luckfox/host/lib/gcc/arm-buildroot-linux-gnueabihf/12.4.0/:/home/hss/Lyra-sdk/buildroot/output/rockchip_rk3506_luckfox/host/lib/gcc/arm-buildroot-linux-gnueabihf/12.4.0/../../../../arm-buildroot-linux-gnueabihf/lib/:/home/hss/Lyra-sdk/buildroot/output/rockchip_rk3506_luckfox/host/arm-buildroot-linux-gnueabihf/sysroot/lib/:/home/hss/Lyra-sdk/buildroot/output/rockchip_rk3506_luckfox/host/arm-buildroot-linux-gnueabihf/sysroot/usr/lib/
COLLECT_GCC_OPTIONS='--sysroot=/home/hss/Lyra-sdk/buildroot/output/rockchip_rk3506_luckfox/host/arm-buildroot-linux-gnueabihf/sysroot' '-fstack-protector-strong' '-fPIE' '-pie' '--sysroot=/home/hss/Lyra-sdk/buildroot/output/rockchip_rk3506_luckfox/host/arm-buildroot-linux-gnueabihf/sysroot' '-v' '-o' 'CMakeFiles/cmTC_aa9c3.dir/CMakeCXXCompilerABI.cpp.o' '-c' '-shared-libgcc' '-mcpu=cortex-a7' '-mfloat-abi=hard' '-mfpu=neon-vfpv4' '-mabi=aapcs-linux' '-mtls-dialect=gnu' '-marm' '-mlibarch=armv7ve+simd' '-march=armv7ve+simd' '-dumpdir' 'CMakeFiles/cmTC_aa9c3.dir/CMakeCXXCompilerABI.cpp.'
[2/2] Linking CXX executable cmTC_aa9c3
Using built-in specs.
COLLECT_GCC=/home/hss/Lyra-sdk/buildroot/output/rockchip_rk3506_luckfox/host/bin/arm-buildroot-linux-gnueabihf-g++.br_real
COLLECT_LTO_WRAPPER=/home/hss/Lyra-sdk/buildroot/output/rockchip_rk3506_luckfox/host/libexec/gcc/arm-buildroot-linux-gnueabihf/12.4.0/lto-wrapper
Target: arm-buildroot-linux-gnueabihf
Configured with: ./configure --prefix=/home/hss/Lyra-sdk/buildroot/output/rockchip_rk3506_luckfox/host --sysconfdir=/home/hss/Lyra-sdk/buildroot/output/rockchip_rk3506_luckfox/host/etc --enable-static --target=arm-buildroot-linux-gnueabihf --with-sysroot=/home/hss/Lyra-sdk/buildroot/output/rockchip_rk3506_luckfox/host/arm-buildroot-linux-gnueabihf/sysroot --enable-__cxa_atexit --with-gnu-ld --disable-libssp --disable-multilib --disable-decimal-float --enable-plugins --enable-lto --with-gmp=/home/hss/Lyra-sdk/buildroot/output/rockchip_rk3506_luckfox/host --with-mpc=/home/hss/Lyra-sdk/buildroot/output/rockchip_rk3506_luckfox/host --with-mpfr=/home/hss/Lyra-sdk/buildroot/output/rockchip_rk3506_luckfox/host --with-pkgversion='Buildroot -ge6abe17d-dirty' --with-bugurl=https://gitlab.com/buildroot.org/buildroot/-/issues --without-zstd --disable-libquadmath --disable-libquadmath-support --enable-tls --enable-threads --without-isl --without-cloog --with-abi=aapcs-linux --with-cpu=cortex-a7 --with-fpu=neon-vfpv4 --with-float=hard --with-mode=arm --enable-languages=c,c++ --with-build-time-tools=/home/hss/Lyra-sdk/buildroot/output/rockchip_rk3506_luckfox/host/arm-buildroot-linux-gnueabihf/bin --enable-shared --disable-libgomp
Thread model: posix
Supported LTO compression algorithms: zlib
gcc version 12.4.0 (Buildroot -ge6abe17d-dirty) 
COMPILER_PATH=/home/hss/Lyra-sdk/buildroot/output/rockchip_rk3506_luckfox/host/libexec/gcc/arm-buildroot-linux-gnueabihf/12.4.0/:/home/hss/Lyra-sdk/buildroot/output/rockchip_rk3506_luckfox/host/libexec/gcc/arm-buildroot-linux-gnueabihf/12.4.0/:/home/hss/Lyra-sdk/buildroot/output/rockchip_rk3506_luckfox/host/libexec/gcc/arm-buildroot-linux-gnueabihf/:/home/hss/Lyra-sdk/buildroot/output/rockchip_rk3506_luckfox/host/lib/gcc/arm-buildroot-linux-gnueabihf/12.4.0/:/home/hss/Lyra-sdk/buildroot/output/rockchip_rk3506_luckfox/host/lib/gcc/arm-buildroot-linux-gnueabihf/:/home/hss/Lyra-sdk/buildroot/output/rockchip_rk3506_luckfox/host/lib/gcc/arm-buildroot-linux-gnueabihf/12.4.0/../../../../arm-buildroot-linux-gnueabihf/bin/
LIBRARY_PATH=/home/hss/Lyra-sdk/buildroot/output/rockchip_rk3506_luckfox/host/lib/gcc/arm-buildroot-linux-gnueabihf/12.4.0/:/home/hss/Lyra-sdk/buildroot/output/rockchip_rk3506_luckfox/host/lib/gcc/arm-buildroot-linux-gnueabihf/12.4.0/../../../../arm-buildroot-linux-gnueabihf/lib/:/home/hss/Lyra-sdk/buildroot/output/rockchip_rk3506_luckfox/host/arm-buildroot-linux-gnueabihf/sysroot/lib/:/home/hss/Lyra-sdk/buildroot/output/rockchip_rk3506_luckfox/host/arm-buildroot-linux-gnueabihf/sysroot/usr/lib/
COLLECT_GCC_OPTIONS='--sysroot=/home/hss/Lyra-sdk/buildroot/output/rockchip_rk3506_luckfox/host/arm-buildroot-linux-gnueabihf/sysroot' '-fstack-protector-strong' '-fPIE' '-pie' '--sysroot=/home/hss/Lyra-sdk/buildroot/output/rockchip_rk3506_luckfox/host/arm-buildroot-linux-gnueabihf/sysroot' '-v' '-o' 'cmTC_aa9c3' '-shared-libgcc' '-mcpu=cortex-a7' '-mfloat-abi=hard' '-mfpu=neon-vfpv4' '-mabi=aapcs-linux' '-mtls-dialect=gnu' '-marm' '-mlibarch=armv7ve+simd' '-march=armv7ve+simd' '-dumpdir' 'cmTC_aa9c3.'
 /home/hss/Lyra-sdk/buildroot/output/rockchip_rk3506_luckfox/host/libexec/gcc/arm-buildroot-linux-gnueabihf/12.4.0/collect2 -plugin /home/hss/Lyra-sdk/buildroot/output/rockchip_rk3506_luckfox/host/libexec/gcc/arm-buildroot-linux-gnueabihf/12.4.0/liblto_plugin.so -plugin-opt=/home/hss/Lyra-sdk/buildroot/output/rockchip_rk3506_luckfox/host/libexec/gcc/arm-buildroot-linux-gnueabihf/12.4.0/lto-wrapper -plugin-opt=-fresolution=/tmp/ccjTOPy5.res -plugin-opt=-pass-through=-lgcc_s -plugin-opt=-pass-through=-lgcc -plugin-opt=-pass-through=-lc -plugin-opt=-pass-through=-lgcc_s -plugin-opt=-pass-through=-lgcc --sysroot=/home/hss/Lyra-sdk/buildroot/output/rockchip_rk3506_luckfox/host/arm-buildroot-linux-gnueabihf/sysroot --eh-frame-hdr -dynamic-linker /lib/ld-linux-armhf.so.3 -X -m armelf_linux_eabi -pie -o cmTC_aa9c3 /home/hss/Lyra-sdk/buildroot/output/rockchip_rk3506_luckfox/host/arm-buildroot-linux-gnueabihf/sysroot/lib/Scrt1.o /home/hss/Lyra-sdk/buildroot/output/rockchip_rk3506_luckfox/host/arm-buildroot-linux-gnueabihf/sysroot/lib/crti.o /home/hss/Lyra-sdk/buildroot/output/rockchip_rk3506_luckfox/host/lib/gcc/arm-buildroot-linux-gnueabihf/12.4.0/crtbeginS.o -L/home/hss/Lyra-sdk/buildroot/output/rockchip_rk3506_luckfox/host/lib/gcc/arm-buildroot-linux-gnueabihf/12.4.0 -L/home/hss/Lyra-sdk/buildroot/output/rockchip_rk3506_luckfox/host/lib/gcc/arm-buildroot-linux-gnueabihf/12.4.0/../../../../arm-buildroot-linux-gnueabihf/lib -L/home/hss/Lyra-sdk/buildroot/output/rockchip_rk3506_luckfox/host/arm-buildroot-linux-gnueabihf/sysroot/lib -L/home/hss/Lyra-sdk/buildroot/output/rockchip_rk3506_luckfox/host/arm-buildroot-linux-gnueabihf/sysroot/usr/lib -z now -z relro CMakeFiles/cmTC_aa9c3.dir/CMakeCXXCompilerABI.cpp.o -lstdc++ -lm -lgcc_s -lgcc -lc -lgcc_s -lgcc /home/hss/Lyra-sdk/buildroot/output/rockchip_rk3506_luckfox/host/lib/gcc/arm-buildroot-linux-gnueabihf/12.4.0/crtendS.o /home/hss/Lyra-sdk/buildroot/output/rockchip_rk3506_luckfox/host/arm-buildroot-linux-gnueabihf/sysroot/lib/crtn.o
COLLECT_GCC_OPTIONS='--sysroot=/home/hss/Lyra-sdk/buildroot/output/rockchip_rk3506_luckfox/host/arm-buildroot-linux-gnueabihf/sysroot' '-fstack-protector-strong' '-fPIE' '-pie' '--sysroot=/home/hss/Lyra-sdk/buildroot/output/rockchip_rk3506_luckfox/host/arm-buildroot-linux-gnueabihf/sysroot' '-v' '-o' 'cmTC_aa9c3' '-shared-libgcc' '-mcpu=cortex-a7' '-mfloat-abi=hard' '-mfpu=neon-vfpv4' '-mabi=aapcs-linux' '-mtls-dialect=gnu' '-marm' '-mlibarch=armv7ve+simd' '-march=armv7ve+simd' '-dumpdir' 'cmTC_aa9c3.'



Parsed CXX implicit include dir info from above output: rv=done
  found start of include info
  found start of implicit include info
    add: [/home/hss/Lyra-sdk/buildroot/output/rockchip_rk3506_luckfox/host/lib/gcc/arm-buildroot-linux-gnueabihf/12.4.0/../../../../arm-buildroot-linux-gnueabihf/include/c++/12.4.0]
    add: [/home/hss/Lyra-sdk/buildroot/output/rockchip_rk3506_luckfox/host/lib/gcc/arm-buildroot-linux-gnueabihf/12.4.0/../../../../arm-buildroot-linux-gnueabihf/include/c++/12.4.0/arm-buildroot-linux-gnueabihf]
    add: [/home/hss/Lyra-sdk/buildroot/output/rockchip_rk3506_luckfox/host/lib/gcc/arm-buildroot-linux-gnueabihf/12.4.0/../../../../arm-buildroot-linux-gnueabihf/include/c++/12.4.0/backward]
    add: [/home/hss/Lyra-sdk/buildroot/output/rockchip_rk3506_luckfox/host/lib/gcc/arm-buildroot-linux-gnueabihf/12.4.0/include]
    add: [/home/hss/Lyra-sdk/buildroot/output/rockchip_rk3506_luckfox/host/lib/gcc/arm-buildroot-linux-gnueabihf/12.4.0/include-fixed]
    add: [/home/hss/Lyra-sdk/buildroot/output/rockchip_rk3506_luckfox/host/lib/gcc/arm-buildroot-linux-gnueabihf/12.4.0/../../../../arm-buildroot-linux-gnueabihf/include]
    add: [/home/hss/Lyra-sdk/buildroot/output/rockchip_rk3506_luckfox/host/arm-buildroot-linux-gnueabihf/sysroot/usr/include]
  end of search list found
  collapse include dir [/home/hss/Lyra-sdk/buildroot/output/rockchip_rk3506_luckfox/host/lib/gcc/arm-buildroot-linux-gnueabihf/12.4.0/../../../../arm-buildroot-linux-gnueabihf/include/c++/12.4.0] ==> [/home/hss/Lyra-sdk/buildroot/output/rockchip_rk3506_luckfox/host/arm-buildroot-linux-gnueabihf/include/c++/12.4.0]
  collapse include dir [/home/hss/Lyra-sdk/buildroot/output/rockchip_rk3506_luckfox/host/lib/gcc/arm-buildroot-linux-gnueabihf/12.4.0/../../../../arm-buildroot-linux-gnueabihf/include/c++/12.4.0/arm-buildroot-linux-gnueabihf] ==> [/home/hss/Lyra-sdk/buildroot/output/rockchip_rk3506_luckfox/host/arm-buildroot-linux-gnueabihf/include/c++/12.4.0/arm-buildroot-linux-gnueabihf]
  collapse include dir [/home/hss/Lyra-sdk/buildroot/output/rockchip_rk3506_luckfox/host/lib/gcc/arm-buildroot-linux-gnueabihf/12.4.0/../../../../arm-buildroot-linux-gnueabihf/include/c++/12.4.0/backward] ==> [/home/hss/Lyra-sdk/buildroot/output/rockchip_rk3506_luckfox/host/arm-buildroot-linux-gnueabihf/include/c++/12.4.0/backward]
  collapse include dir [/home/hss/Lyra-sdk/buildroot/output/rockchip_rk3506_luckfox/host/lib/gcc/arm-buildroot-linux-gnueabihf/12.4.0/include] ==> [/home/hss/Lyra-sdk/buildroot/output/rockchip_rk3506_luckfox/host/lib/gcc/arm-buildroot-linux-gnueabihf/12.4.0/include]
  collapse include dir [/home/hss/Lyra-sdk/buildroot/output/rockchip_rk3506_luckfox/host/lib/gcc/arm-buildroot-linux-gnueabihf/12.4.0/include-fixed] ==> [/home/hss/Lyra-sdk/buildroot/output/rockchip_rk3506_luckfox/host/lib/gcc/arm-buildroot-linux-gnueabihf/12.4.0/include-fixed]
  collapse include dir [/home/hss/Lyra-sdk/buildroot/output/rockchip_rk3506_luckfox/host/lib/gcc/arm-buildroot-linux-gnueabihf/12.4.0/../../../../arm-buildroot-linux-gnueabihf/include] ==> [/home/hss/Lyra-sdk/buildroot/output/rockchip_rk3506_luckfox/host/arm-buildroot-linux-gnueabihf/include]
  collapse include dir [/home/hss/Lyra-sdk/buildroot/output/rockchip_rk3506_luckfox/host/arm-buildroot-linux-gnueabihf/sysroot/usr/include] ==> [/home/hss/Lyra-sdk/buildroot/output/rockchip_rk3506_luckfox/host/arm-buildroot-linux-gnueabihf/sysroot/usr/include]
  implicit include dirs: [/home/hss/Lyra-sdk/buildroot/output/rockchip_rk3506_luckfox/host/arm-buildroot-linux-gnueabihf/include/c++/12.4.0;/home/hss/Lyra-sdk/buildroot/output/rockchip_rk3506_luckfox/host/arm-buildroot-linux-gnueabihf/include/c++/12.4.0/arm-buildroot-linux-gnueabihf;/home/hss/Lyra-sdk/buildroot/output/rockchip_rk3506_luckfox/host/arm-buildroot-linux-gnueabihf/include/c++/12.4.0/backward;/home/hss/Lyra-sdk/buildroot/output/rockchip_rk3506_luckfox/host/lib/gcc/arm-buildroot-linux-gnueabihf/12.4.0/include;/home/hss/Lyra-sdk/buildroot/output/rockchip_rk3506_luckfox/host/lib/gcc/arm-buildroot-linux-gnueabihf/12.4.0/include-fixed;/home/hss/Lyra-sdk/buildroot/output/rockchip_rk3506_luckfox/host/arm-buildroot-linux-gnueabihf/include;/home/hss/Lyra-sdk/buildroot/output/rockchip_rk3506_luckfox/host/arm-buildroot-linux-gnueabihf/sysroot/usr/include]


Parsed CXX implicit link information from above output:
  link line regex: [^( *|.*[/\])(ld|CMAKE_LINK_STARTFILE-NOTFOUND|([^/\]+-)?ld|collect2)[^/\]*( |$)]
  ignore line: [Change Dir: /home/hss/SuOS/build/CMakeFiles/CMakeTmp]
  ignore line: []
  ignore line: [Run Build Command(s):/usr/bin/ninja cmTC_aa9c3 && [1/2] Building CXX object CMakeFiles/cmTC_aa9c3.dir/CMakeCXXCompilerABI.cpp.o]
  ignore line: [Using built-in specs.]
  ignore line: [COLLECT_GCC=/home/hss/Lyra-sdk/buildroot/output/rockchip_rk3506_luckfox/host/bin/arm-buildroot-linux-gnueabihf-g++.br_real]
  ignore line: [Target: arm-buildroot-linux-gnueabihf]
  ignore line: [Configured with: ./configure --prefix=/home/hss/Lyra-sdk/buildroot/output/rockchip_rk3506_luckfox/host --sysconfdir=/home/hss/Lyra-sdk/buildroot/output/rockchip_rk3506_luckfox/host/etc --enable-static --target=arm-buildroot-linux-gnueabihf --with-sysroot=/home/hss/Lyra-sdk/buildroot/output/rockchip_rk3506_luckfox/host/arm-buildroot-linux-gnueabihf/sysroot --enable-__cxa_atexit --with-gnu-ld --disable-libssp --disable-multilib --disable-decimal-float --enable-plugins --enable-lto --with-gmp=/home/hss/Lyra-sdk/buildroot/output/rockchip_rk3506_luckfox/host --with-mpc=/home/hss/Lyra-sdk/buildroot/output/rockchip_rk3506_luckfox/host --with-mpfr=/home/hss/Lyra-sdk/buildroot/output/rockchip_rk3506_luckfox/host --with-pkgversion='Buildroot -ge6abe17d-dirty' --with-bugurl=https://gitlab.com/buildroot.org/buildroot/-/issues --without-zstd --disable-libquadmath --disable-libquadmath-support --enable-tls --enable-threads --without-isl --without-cloog --with-abi=aapcs-linux --with-cpu=cortex-a7 --with-fpu=neon-vfpv4 --with-float=hard --with-mode=arm --enable-languages=c,c++ --with-build-time-tools=/home/hss/Lyra-sdk/buildroot/output/rockchip_rk3506_luckfox/host/arm-buildroot-linux-gnueabihf/bin --enable-shared --disable-libgomp]
  ignore line: [Thread model: posix]
  ignore line: [Supported LTO compression algorithms: zlib]
  ignore line: [gcc version 12.4.0 (Buildroot -ge6abe17d-dirty) ]
  ignore line: [COLLECT_GCC_OPTIONS='--sysroot=/home/hss/Lyra-sdk/buildroot/output/rockchip_rk3506_luckfox/host/arm-buildroot-linux-gnueabihf/sysroot' '-fstack-protector-strong' '-fPIE' '-pie' '--sysroot=/home/hss/Lyra-sdk/buildroot/output/rockchip_rk3506_luckfox/host/arm-buildroot-linux-gnueabihf/sysroot' '-v' '-o' 'CMakeFiles/cmTC_aa9c3.dir/CMakeCXXCompilerABI.cpp.o' '-c' '-shared-libgcc' '-mcpu=cortex-a7' '-mfloat-abi=hard' '-mfpu=neon-vfpv4' '-mabi=aapcs-linux' '-mtls-dialect=gnu' '-marm' '-mlibarch=armv7ve+simd' '-march=armv7ve+simd' '-dumpdir' 'CMakeFiles/cmTC_aa9c3.dir/']
  ignore line: [ /home/hss/Lyra-sdk/buildroot/output/rockchip_rk3506_luckfox/host/libexec/gcc/arm-buildroot-linux-gnueabihf/12.4.0/cc1plus -quiet -v -isysroot /home/hss/Lyra-sdk/buildroot/output/rockchip_rk3506_luckfox/host/arm-buildroot-linux-gnueabihf/sysroot -D_GNU_SOURCE /usr/share/cmake-3.16/Modules/CMakeCXXCompilerABI.cpp -quiet -dumpdir CMakeFiles/cmTC_aa9c3.dir/ -dumpbase CMakeCXXCompilerABI.cpp.cpp -dumpbase-ext .cpp -mcpu=cortex-a7 -mfloat-abi=hard -mfpu=neon-vfpv4 -mabi=aapcs-linux -mtls-dialect=gnu -marm -mlibarch=armv7ve+simd -march=armv7ve+simd -version -fstack-protector-strong -fPIE -o /tmp/ccPGQpoO.s]
  ignore line: [GNU C++17 (Buildroot -ge6abe17d-dirty) version 12.4.0 (arm-buildroot-linux-gnueabihf)]
  ignore line: [	compiled by GNU C version 9.4.0  GMP version 6.3.0  MPFR version 4.1.1  MPC version 1.2.1  isl version none]
  ignore line: [GGC heuristics: --param ggc-min-expand=100 --param ggc-min-heapsize=131072]
  ignore line: [ignoring nonexistent directory "/home/hss/Lyra-sdk/buildroot/output/rockchip_rk3506_luckfox/host/arm-buildroot-linux-gnueabihf/sysroot/usr/local/include"]
  ignore line: [#include "..." search starts here:]
  ignore line: [#include <...> search starts here:]
  ignore line: [ /home/hss/Lyra-sdk/buildroot/output/rockchip_rk3506_luckfox/host/lib/gcc/arm-buildroot-linux-gnueabihf/12.4.0/../../../../arm-buildroot-linux-gnueabihf/include/c++/12.4.0]
  ignore line: [ /home/hss/Lyra-sdk/buildroot/output/rockchip_rk3506_luckfox/host/lib/gcc/arm-buildroot-linux-gnueabihf/12.4.0/../../../../arm-buildroot-linux-gnueabihf/include/c++/12.4.0/arm-buildroot-linux-gnueabihf]
  ignore line: [ /home/hss/Lyra-sdk/buildroot/output/rockchip_rk3506_luckfox/host/lib/gcc/arm-buildroot-linux-gnueabihf/12.4.0/../../../../arm-buildroot-linux-gnueabihf/include/c++/12.4.0/backward]
  ignore line: [ /home/hss/Lyra-sdk/buildroot/output/rockchip_rk3506_luckfox/host/lib/gcc/arm-buildroot-linux-gnueabihf/12.4.0/include]
  ignore line: [ /home/hss/Lyra-sdk/buildroot/output/rockchip_rk3506_luckfox/host/lib/gcc/arm-buildroot-linux-gnueabihf/12.4.0/include-fixed]
  ignore line: [ /home/hss/Lyra-sdk/buildroot/output/rockchip_rk3506_luckfox/host/lib/gcc/arm-buildroot-linux-gnueabihf/12.4.0/../../../../arm-buildroot-linux-gnueabihf/include]
  ignore line: [ /home/hss/Lyra-sdk/buildroot/output/rockchip_rk3506_luckfox/host/arm-buildroot-linux-gnueabihf/sysroot/usr/include]
  ignore line: [End of search list.]
  ignore line: [GNU C++17 (Buildroot -ge6abe17d-dirty) version 12.4.0 (arm-buildroot-linux-gnueabihf)]
  ignore line: [	compiled by GNU C version 9.4.0  GMP version 6.3.0  MPFR version 4.1.1  MPC version 1.2.1  isl version none]
  ignore line: [GGC heuristics: --param ggc-min-expand=100 --param ggc-min-heapsize=131072]
  ignore line: [Compiler executable checksum: bdc77e243cdb120dd3ebf4c5dba17b05]
  ignore line: [COLLECT_GCC_OPTIONS='--sysroot=/home/hss/Lyra-sdk/buildroot/output/rockchip_rk3506_luckfox/host/arm-buildroot-linux-gnueabihf/sysroot' '-fstack-protector-strong' '-fPIE' '-pie' '--sysroot=/home/hss/Lyra-sdk/buildroot/output/rockchip_rk3506_luckfox/host/arm-buildroot-linux-gnueabihf/sysroot' '-v' '-o' 'CMakeFiles/cmTC_aa9c3.dir/CMakeCXXCompilerABI.cpp.o' '-c' '-shared-libgcc' '-mcpu=cortex-a7' '-mfloat-abi=hard' '-mfpu=neon-vfpv4' '-mabi=aapcs-linux' '-mtls-dialect=gnu' '-marm' '-mlibarch=armv7ve+simd' '-march=armv7ve+simd' '-dumpdir' 'CMakeFiles/cmTC_aa9c3.dir/']
  ignore line: [ /home/hss/Lyra-sdk/buildroot/output/rockchip_rk3506_luckfox/host/lib/gcc/arm-buildroot-linux-gnueabihf/12.4.0/../../../../arm-buildroot-linux-gnueabihf/bin/as -v -march=armv7ve+simd -mfloat-abi=hard -mfpu=neon-vfpv4 -meabi=5 -o CMakeFiles/cmTC_aa9c3.dir/CMakeCXXCompilerABI.cpp.o /tmp/ccPGQpoO.s]
  ignore line: [GNU assembler version 2.40 (arm-buildroot-linux-gnueabihf) using BFD version (GNU Binutils) 2.40]
  ignore line: [COMPILER_PATH=/home/hss/Lyra-sdk/buildroot/output/rockchip_rk3506_luckfox/host/libexec/gcc/arm-buildroot-linux-gnueabihf/12.4.0/:/home/hss/Lyra-sdk/buildroot/output/rockchip_rk3506_luckfox/host/libexec/gcc/arm-buildroot-linux-gnueabihf/12.4.0/:/home/hss/Lyra-sdk/buildroot/output/rockchip_rk3506_luckfox/host/libexec/gcc/arm-buildroot-linux-gnueabihf/:/home/hss/Lyra-sdk/buildroot/output/rockchip_rk3506_luckfox/host/lib/gcc/arm-buildroot-linux-gnueabihf/12.4.0/:/home/hss/Lyra-sdk/buildroot/output/rockchip_rk3506_luckfox/host/lib/gcc/arm-buildroot-linux-gnueabihf/:/home/hss/Lyra-sdk/buildroot/output/rockchip_rk3506_luckfox/host/lib/gcc/arm-buildroot-linux-gnueabihf/12.4.0/../../../../arm-buildroot-linux-gnueabihf/bin/]
  ignore line: [LIBRARY_PATH=/home/hss/Lyra-sdk/buildroot/output/rockchip_rk3506_luckfox/host/lib/gcc/arm-buildroot-linux-gnueabihf/12.4.0/:/home/hss/Lyra-sdk/buildroot/output/rockchip_rk3506_luckfox/host/lib/gcc/arm-buildroot-linux-gnueabihf/12.4.0/../../../../arm-buildroot-linux-gnueabihf/lib/:/home/hss/Lyra-sdk/buildroot/output/rockchip_rk3506_luckfox/host/arm-buildroot-linux-gnueabihf/sysroot/lib/:/home/hss/Lyra-sdk/buildroot/output/rockchip_rk3506_luckfox/host/arm-buildroot-linux-gnueabihf/sysroot/usr/lib/]
  ignore line: [COLLECT_GCC_OPTIONS='--sysroot=/home/hss/Lyra-sdk/buildroot/output/rockchip_rk3506_luckfox/host/arm-buildroot-linux-gnueabihf/sysroot' '-fstack-protector-strong' '-fPIE' '-pie' '--sysroot=/home/hss/Lyra-sdk/buildroot/output/rockchip_rk3506_luckfox/host/arm-buildroot-linux-gnueabihf/sysroot' '-v' '-o' 'CMakeFiles/cmTC_aa9c3.dir/CMakeCXXCompilerABI.cpp.o' '-c' '-shared-libgcc' '-mcpu=cortex-a7' '-mfloat-abi=hard' '-mfpu=neon-vfpv4' '-mabi=aapcs-linux' '-mtls-dialect=gnu' '-marm' '-mlibarch=armv7ve+simd' '-march=armv7ve+simd' '-dumpdir' 'CMakeFiles/cmTC_aa9c3.dir/CMakeCXXCompilerABI.cpp.']
  ignore line: [[2/2] Linking CXX executable cmTC_aa9c3]
  ignore line: [Using built-in specs.]
  ignore line: [COLLECT_GCC=/home/hss/Lyra-sdk/buildroot/output/rockchip_rk3506_luckfox/host/bin/arm-buildroot-linux-gnueabihf-g++.br_real]
  ignore line: [COLLECT_LTO_WRAPPER=/home/hss/Lyra-sdk/buildroot/output/rockchip_rk3506_luckfox/host/libexec/gcc/arm-buildroot-linux-gnueabihf/12.4.0/lto-wrapper]
  ignore line: [Target: arm-buildroot-linux-gnueabihf]
  ignore line: [Configured with: ./configure --prefix=/home/hss/Lyra-sdk/buildroot/output/rockchip_rk3506_luckfox/host --sysconfdir=/home/hss/Lyra-sdk/buildroot/output/rockchip_rk3506_luckfox/host/etc --enable-static --target=arm-buildroot-linux-gnueabihf --with-sysroot=/home/hss/Lyra-sdk/buildroot/output/rockchip_rk3506_luckfox/host/arm-buildroot-linux-gnueabihf/sysroot --enable-__cxa_atexit --with-gnu-ld --disable-libssp --disable-multilib --disable-decimal-float --enable-plugins --enable-lto --with-gmp=/home/hss/Lyra-sdk/buildroot/output/rockchip_rk3506_luckfox/host --with-mpc=/home/hss/Lyra-sdk/buildroot/output/rockchip_rk3506_luckfox/host --with-mpfr=/home/hss/Lyra-sdk/buildroot/output/rockchip_rk3506_luckfox/host --with-pkgversion='Buildroot -ge6abe17d-dirty' --with-bugurl=https://gitlab.com/buildroot.org/buildroot/-/issues --without-zstd --disable-libquadmath --disable-libquadmath-support --enable-tls --enable-threads --without-isl --without-cloog --with-abi=aapcs-linux --with-cpu=cortex-a7 --with-fpu=neon-vfpv4 --with-float=hard --with-mode=arm --enable-languages=c,c++ --with-build-time-tools=/home/hss/Lyra-sdk/buildroot/output/rockchip_rk3506_luckfox/host/arm-buildroot-linux-gnueabihf/bin --enable-shared --disable-libgomp]
  ignore line: [Thread model: posix]
  ignore line: [Supported LTO compression algorithms: zlib]
  ignore line: [gcc version 12.4.0 (Buildroot -ge6abe17d-dirty) ]
  ignore line: [COMPILER_PATH=/home/hss/Lyra-sdk/buildroot/output/rockchip_rk3506_luckfox/host/libexec/gcc/arm-buildroot-linux-gnueabihf/12.4.0/:/home/hss/Lyra-sdk/buildroot/output/rockchip_rk3506_luckfox/host/libexec/gcc/arm-buildroot-linux-gnueabihf/12.4.0/:/home/hss/Lyra-sdk/buildroot/output/rockchip_rk3506_luckfox/host/libexec/gcc/arm-buildroot-linux-gnueabihf/:/home/hss/Lyra-sdk/buildroot/output/rockchip_rk3506_luckfox/host/lib/gcc/arm-buildroot-linux-gnueabihf/12.4.0/:/home/hss/Lyra-sdk/buildroot/output/rockchip_rk3506_luckfox/host/lib/gcc/arm-buildroot-linux-gnueabihf/:/home/hss/Lyra-sdk/buildroot/output/rockchip_rk3506_luckfox/host/lib/gcc/arm-buildroot-linux-gnueabihf/12.4.0/../../../../arm-buildroot-linux-gnueabihf/bin/]
  ignore line: [LIBRARY_PATH=/home/hss/Lyra-sdk/buildroot/output/rockchip_rk3506_luckfox/host/lib/gcc/arm-buildroot-linux-gnueabihf/12.4.0/:/home/hss/Lyra-sdk/buildroot/output/rockchip_rk3506_luckfox/host/lib/gcc/arm-buildroot-linux-gnueabihf/12.4.0/../../../../arm-buildroot-linux-gnueabihf/lib/:/home/hss/Lyra-sdk/buildroot/output/rockchip_rk3506_luckfox/host/arm-buildroot-linux-gnueabihf/sysroot/lib/:/home/hss/Lyra-sdk/buildroot/output/rockchip_rk3506_luckfox/host/arm-buildroot-linux-gnueabihf/sysroot/usr/lib/]
  ignore line: [COLLECT_GCC_OPTIONS='--sysroot=/home/hss/Lyra-sdk/buildroot/output/rockchip_rk3506_luckfox/host/arm-buildroot-linux-gnueabihf/sysroot' '-fstack-protector-strong' '-fPIE' '-pie' '--sysroot=/home/hss/Lyra-sdk/buildroot/output/rockchip_rk3506_luckfox/host/arm-buildroot-linux-gnueabihf/sysroot' '-v' '-o' 'cmTC_aa9c3' '-shared-libgcc' '-mcpu=cortex-a7' '-mfloat-abi=hard' '-mfpu=neon-vfpv4' '-mabi=aapcs-linux' '-mtls-dialect=gnu' '-marm' '-mlibarch=armv7ve+simd' '-march=armv7ve+simd' '-dumpdir' 'cmTC_aa9c3.']
  link line: [ /home/hss/Lyra-sdk/buildroot/output/rockchip_rk3506_luckfox/host/libexec/gcc/arm-buildroot-linux-gnueabihf/12.4.0/collect2 -plugin /home/hss/Lyra-sdk/buildroot/output/rockchip_rk3506_luckfox/host/libexec/gcc/arm-buildroot-linux-gnueabihf/12.4.0/liblto_plugin.so -plugin-opt=/home/hss/Lyra-sdk/buildroot/output/rockchip_rk3506_luckfox/host/libexec/gcc/arm-buildroot-linux-gnueabihf/12.4.0/lto-wrapper -plugin-opt=-fresolution=/tmp/ccjTOPy5.res -plugin-opt=-pass-through=-lgcc_s -plugin-opt=-pass-through=-lgcc -plugin-opt=-pass-through=-lc -plugin-opt=-pass-through=-lgcc_s -plugin-opt=-pass-through=-lgcc --sysroot=/home/hss/Lyra-sdk/buildroot/output/rockchip_rk3506_luckfox/host/arm-buildroot-linux-gnueabihf/sysroot --eh-frame-hdr -dynamic-linker /lib/ld-linux-armhf.so.3 -X -m armelf_linux_eabi -pie -o cmTC_aa9c3 /home/hss/Lyra-sdk/buildroot/output/rockchip_rk3506_luckfox/host/arm-buildroot-linux-gnueabihf/sysroot/lib/Scrt1.o /home/hss/Lyra-sdk/buildroot/output/rockchip_rk3506_luckfox/host/arm-buildroot-linux-gnueabihf/sysroot/lib/crti.o /home/hss/Lyra-sdk/buildroot/output/rockchip_rk3506_luckfox/host/lib/gcc/arm-buildroot-linux-gnueabihf/12.4.0/crtbeginS.o -L/home/hss/Lyra-sdk/buildroot/output/rockchip_rk3506_luckfox/host/lib/gcc/arm-buildroot-linux-gnueabihf/12.4.0 -L/home/hss/Lyra-sdk/buildroot/output/rockchip_rk3506_luckfox/host/lib/gcc/arm-buildroot-linux-gnueabihf/12.4.0/../../../../arm-buildroot-linux-gnueabihf/lib -L/home/hss/Lyra-sdk/buildroot/output/rockchip_rk3506_luckfox/host/arm-buildroot-linux-gnueabihf/sysroot/lib -L/home/hss/Lyra-sdk/buildroot/output/rockchip_rk3506_luckfox/host/arm-buildroot-linux-gnueabihf/sysroot/usr/lib -z now -z relro CMakeFiles/cmTC_aa9c3.dir/CMakeCXXCompilerABI.cpp.o -lstdc++ -lm -lgcc_s -lgcc -lc -lgcc_s -lgcc /home/hss/Lyra-sdk/buildroot/output/rockchip_rk3506_luckfox/host/lib/gcc/arm-buildroot-linux-gnueabihf/12.4.0/crtendS.o /home/hss/Lyra-sdk/buildroot/output/rockchip_rk3506_luckfox/host/arm-buildroot-linux-gnueabihf/sysroot/lib/crtn.o]
    arg [/home/hss/Lyra-sdk/buildroot/output/rockchip_rk3506_luckfox/host/libexec/gcc/arm-buildroot-linux-gnueabihf/12.4.0/collect2] ==> ignore
    arg [-plugin] ==> ignore
    arg [/home/hss/Lyra-sdk/buildroot/output/rockchip_rk3506_luckfox/host/libexec/gcc/arm-buildroot-linux-gnueabihf/12.4.0/liblto_plugin.so] ==> ignore
    arg [-plugin-opt=/home/hss/Lyra-sdk/buildroot/output/rockchip_rk3506_luckfox/host/libexec/gcc/arm-buildroot-linux-gnueabihf/12.4.0/lto-wrapper] ==> ignore
    arg [-plugin-opt=-fresolution=/tmp/ccjTOPy5.res] ==> ignore
    arg [-plugin-opt=-pass-through=-lgcc_s] ==> ignore
    arg [-plugin-opt=-pass-through=-lgcc] ==> ignore
    arg [-plugin-opt=-pass-through=-lc] ==> ignore
    arg [-plugin-opt=-pass-through=-lgcc_s] ==> ignore
    arg [-plugin-opt=-pass-through=-lgcc] ==> ignore
    arg [--sysroot=/home/hss/Lyra-sdk/buildroot/output/rockchip_rk3506_luckfox/host/arm-buildroot-linux-gnueabihf/sysroot] ==> ignore
    arg [--eh-frame-hdr] ==> ignore
    arg [-dynamic-linker] ==> ignore
    arg [/lib/ld-linux-armhf.so.3] ==> ignore
    arg [-X] ==> ignore
    arg [-m] ==> ignore
    arg [armelf_linux_eabi] ==> ignore
    arg [-pie] ==> ignore
    arg [-o] ==> ignore
    arg [cmTC_aa9c3] ==> ignore
    arg [/home/hss/Lyra-sdk/buildroot/output/rockchip_rk3506_luckfox/host/arm-buildroot-linux-gnueabihf/sysroot/lib/Scrt1.o] ==> ignore
    arg [/home/hss/Lyra-sdk/buildroot/output/rockchip_rk3506_luckfox/host/arm-buildroot-linux-gnueabihf/sysroot/lib/crti.o] ==> ignore
    arg [/home/hss/Lyra-sdk/buildroot/output/rockchip_rk3506_luckfox/host/lib/gcc/arm-buildroot-linux-gnueabihf/12.4.0/crtbeginS.o] ==> ignore
    arg [-L/home/hss/Lyra-sdk/buildroot/output/rockchip_rk3506_luckfox/host/lib/gcc/arm-buildroot-linux-gnueabihf/12.4.0] ==> dir [/home/hss/Lyra-sdk/buildroot/output/rockchip_rk3506_luckfox/host/lib/gcc/arm-buildroot-linux-gnueabihf/12.4.0]
    arg [-L/home/hss/Lyra-sdk/buildroot/output/rockchip_rk3506_luckfox/host/lib/gcc/arm-buildroot-linux-gnueabihf/12.4.0/../../../../arm-buildroot-linux-gnueabihf/lib] ==> dir [/home/hss/Lyra-sdk/buildroot/output/rockchip_rk3506_luckfox/host/lib/gcc/arm-buildroot-linux-gnueabihf/12.4.0/../../../../arm-buildroot-linux-gnueabihf/lib]
    arg [-L/home/hss/Lyra-sdk/buildroot/output/rockchip_rk3506_luckfox/host/arm-buildroot-linux-gnueabihf/sysroot/lib] ==> dir [/home/hss/Lyra-sdk/buildroot/output/rockchip_rk3506_luckfox/host/arm-buildroot-linux-gnueabihf/sysroot/lib]
    arg [-L/home/hss/Lyra-sdk/buildroot/output/rockchip_rk3506_luckfox/host/arm-buildroot-linux-gnueabihf/sysroot/usr/lib] ==> dir [/home/hss/Lyra-sdk/buildroot/output/rockchip_rk3506_luckfox/host/arm-buildroot-linux-gnueabihf/sysroot/usr/lib]
    arg [-znow] ==> ignore
    arg [-zrelro] ==> ignore
    arg [CMakeFiles/cmTC_aa9c3.dir/CMakeCXXCompilerABI.cpp.o] ==> ignore
    arg [-lstdc++] ==> lib [stdc++]
    arg [-lm] ==> lib [m]
    arg [-lgcc_s] ==> lib [gcc_s]
    arg [-lgcc] ==> lib [gcc]
    arg [-lc] ==> lib [c]
    arg [-lgcc_s] ==> lib [gcc_s]
    arg [-lgcc] ==> lib [gcc]
    arg [/home/hss/Lyra-sdk/buildroot/output/rockchip_rk3506_luckfox/host/lib/gcc/arm-buildroot-linux-gnueabihf/12.4.0/crtendS.o] ==> ignore
    arg [/home/hss/Lyra-sdk/buildroot/output/rockchip_rk3506_luckfox/host/arm-buildroot-linux-gnueabihf/sysroot/lib/crtn.o] ==> ignore
  collapse library dir [/home/hss/Lyra-sdk/buildroot/output/rockchip_rk3506_luckfox/host/lib/gcc/arm-buildroot-linux-gnueabihf/12.4.0] ==> [/home/hss/Lyra-sdk/buildroot/output/rockchip_rk3506_luckfox/host/lib/gcc/arm-buildroot-linux-gnueabihf/12.4.0]
  collapse library dir [/home/hss/Lyra-sdk/buildroot/output/rockchip_rk3506_luckfox/host/lib/gcc/arm-buildroot-linux-gnueabihf/12.4.0/../../../../arm-buildroot-linux-gnueabihf/lib] ==> [/home/hss/Lyra-sdk/buildroot/output/rockchip_rk3506_luckfox/host/arm-buildroot-linux-gnueabihf/lib]
  collapse library dir [/home/hss/Lyra-sdk/buildroot/output/rockchip_rk3506_luckfox/host/arm-buildroot-linux-gnueabihf/sysroot/lib] ==> [/home/hss/Lyra-sdk/buildroot/output/rockchip_rk3506_luckfox/host/arm-buildroot-linux-gnueabihf/sysroot/lib]
  collapse library dir [/home/hss/Lyra-sdk/buildroot/output/rockchip_rk3506_luckfox/host/arm-buildroot-linux-gnueabihf/sysroot/usr/lib] ==> [/home/hss/Lyra-sdk/buildroot/output/rockchip_rk3506_luckfox/host/arm-buildroot-linux-gnueabihf/sysroot/usr/lib]
  implicit libs: [stdc++;m;gcc_s;gcc;c;gcc_s;gcc]
  implicit dirs: [/home/hss/Lyra-sdk/buildroot/output/rockchip_rk3506_luckfox/host/lib/gcc/arm-buildroot-linux-gnueabihf/12.4.0;/home/hss/Lyra-sdk/buildroot/output/rockchip_rk3506_luckfox/host/arm-buildroot-linux-gnueabihf/lib;/home/hss/Lyra-sdk/buildroot/output/rockchip_rk3506_luckfox/host/arm-buildroot-linux-gnueabihf/sysroot/lib;/home/hss/Lyra-sdk/buildroot/output/rockchip_rk3506_luckfox/host/arm-buildroot-linux-gnueabihf/sysroot/usr/lib]
  implicit fwks: []


